<?xml version="1.0" encoding="UTF-8"?>
<!-- Generated by org.testng.reporters.JUnitReportReporter -->
<testsuite hostname="QT-INBG-LT0233" failures="0" tests="1" name="SeleniumAssignment.Mail.Login" time="20.305" errors="0" timestamp="2021-12-03T18:07:14 IST" skipped="0">
  <testcase classname="SeleniumAssignment.Mail.Login" name="SignIn" time="20.305"/>
  <system-out/>
</testsuite> <!-- SeleniumAssignment.Mail.Login -->
